This is pdfTeX, Version 3.141592653-2.6-1.40.22 (TeX Live 2022/dev/Debian) (preloaded format=pdflatex 2024.9.4)  4 SEP 2024 21:05
entering extended mode
 restricted \write18 enabled.
 file:line:error style messages enabled.
 %&-line parsing enabled.
**/home/andrea/Documents/unimib/Environment/exam/final/report.tex
(/home/andrea/Documents/unimib/Environment/exam/final/report.tex
LaTeX2e <2021-11-15> patch level 1
L3 programming layer <2022-01-21> (/usr/share/texlive/texmf-dist/tex/latex/base/article.cls
Document Class: article 2021/10/04 v1.4n Standard LaTeX document class
(/usr/share/texlive/texmf-dist/tex/latex/base/size10.clo
File: size10.clo 2021/10/04 v1.4n Standard LaTeX file (size option)
)
\c@part=\count185
\c@section=\count186
\c@subsection=\count187
\c@subsubsection=\count188
\c@paragraph=\count189
\c@subparagraph=\count190
\c@figure=\count191
\c@table=\count192
\abovecaptionskip=\skip47
\belowcaptionskip=\skip48
\bibindent=\dimen138
) (/usr/share/texlive/texmf-dist/tex/latex/fancyhdr/fancyhdr.sty
Package: fancyhdr 2021/01/28 v4.0.1 Extensive control of page headers and footers
\f@nch@headwidth=\skip49
\f@nch@O@elh=\skip50
\f@nch@O@erh=\skip51
\f@nch@O@olh=\skip52
\f@nch@O@orh=\skip53
\f@nch@O@elf=\skip54
\f@nch@O@erf=\skip55
\f@nch@O@olf=\skip56
\f@nch@O@orf=\skip57
) (/usr/share/texlive/texmf-dist/tex/latex/lastpage/lastpage.sty
Package: lastpage 2021/09/03 v1.2n Refers to last page's name (HMM; JPG)
) (/usr/share/texlive/texmf-dist/tex/latex/graphics/graphicx.sty
Package: graphicx 2021/09/16 v1.2d Enhanced LaTeX Graphics (DPC,SPQR)
 (/usr/share/texlive/texmf-dist/tex/latex/graphics/keyval.sty
Package: keyval 2014/10/28 v1.15 key=value parser (DPC)
\KV@toks@=\toks16
) (/usr/share/texlive/texmf-dist/tex/latex/graphics/graphics.sty
Package: graphics 2021/03/04 v1.4d Standard LaTeX Graphics (DPC,SPQR)
 (/usr/share/texlive/texmf-dist/tex/latex/graphics/trig.sty
Package: trig 2021/08/11 v1.11 sin cos tan (DPC)
) (/usr/share/texlive/texmf-dist/tex/latex/graphics-cfg/graphics.cfg
File: graphics.cfg 2016/06/04 v1.11 sample graphics configuration
)
Package graphics Info: Driver file: pdftex.def on input line 107.
 (/usr/share/texlive/texmf-dist/tex/latex/graphics-def/pdftex.def
File: pdftex.def 2020/10/05 v1.2a Graphics/color driver for pdftex
))
\Gin@req@height=\dimen139
\Gin@req@width=\dimen140
) (./twocolceurws.sty
Document Style Option 'twocolceurws'.
\@maxsep=\dimen141
\@dblmaxsep=\dimen142
) (/usr/share/texlive/texmf-dist/tex/latex/amsmath/amsmath.sty
Package: amsmath 2021/10/15 v2.17l AMS math features
\@mathmargin=\skip58

For additional information on amsmath, use the `?' option.
(/usr/share/texlive/texmf-dist/tex/latex/amsmath/amstext.sty
Package: amstext 2021/08/26 v2.01 AMS text
 (/usr/share/texlive/texmf-dist/tex/latex/amsmath/amsgen.sty
File: amsgen.sty 1999/11/30 v2.0 generic functions
\@emptytoks=\toks17
\ex@=\dimen143
)) (/usr/share/texlive/texmf-dist/tex/latex/amsmath/amsbsy.sty
Package: amsbsy 1999/11/29 v1.2d Bold Symbols
\pmbraise@=\dimen144
) (/usr/share/texlive/texmf-dist/tex/latex/amsmath/amsopn.sty
Package: amsopn 2021/08/26 v2.02 operator names
)
\inf@bad=\count193
LaTeX Info: Redefining \frac on input line 234.
\uproot@=\count194
\leftroot@=\count195
LaTeX Info: Redefining \overline on input line 399.
\classnum@=\count196
\DOTSCASE@=\count197
LaTeX Info: Redefining \ldots on input line 496.
LaTeX Info: Redefining \dots on input line 499.
LaTeX Info: Redefining \cdots on input line 620.
\Mathstrutbox@=\box50
\strutbox@=\box51
\big@size=\dimen145
LaTeX Font Info:    Redeclaring font encoding OML on input line 743.
LaTeX Font Info:    Redeclaring font encoding OMS on input line 744.
\macc@depth=\count198
\c@MaxMatrixCols=\count199
\dotsspace@=\muskip16
\c@parentequation=\count266
\dspbrk@lvl=\count267
\tag@help=\toks18
\row@=\count268
\column@=\count269
\maxfields@=\count270
\andhelp@=\toks19
\eqnshift@=\dimen146
\alignsep@=\dimen147
\tagshift@=\dimen148
\tagwidth@=\dimen149
\totwidth@=\dimen150
\lineht@=\dimen151
\@envbody=\toks20
\multlinegap=\skip59
\multlinetaggap=\skip60
\mathdisplay@stack=\toks21
LaTeX Info: Redefining \[ on input line 2938.
LaTeX Info: Redefining \] on input line 2939.
) (/usr/share/texlive/texmf-dist/tex/latex/tools/tabularx.sty
Package: tabularx 2020/01/15 v2.11c `tabularx' package (DPC)
 (/usr/share/texlive/texmf-dist/tex/latex/tools/array.sty
Package: array 2021/10/04 v2.5f Tabular extension package (FMi)
\col@sep=\dimen152
\ar@mcellbox=\box52
\extrarowheight=\dimen153
\NC@list=\toks22
\extratabsurround=\skip61
\backup@length=\skip62
\ar@cellbox=\box53
)
\TX@col@width=\dimen154
\TX@old@table=\dimen155
\TX@old@col=\dimen156
\TX@target=\dimen157
\TX@delta=\dimen158
\TX@cols=\count271
\TX@ftn=\toks23
) (/usr/share/texlive/texmf-dist/tex/latex/multirow/multirow.sty
Package: multirow 2021/03/15 v2.8 Span multiple rows of a table
\multirow@colwidth=\skip63
\multirow@cntb=\count272
\multirow@dima=\skip64
\bigstrutjot=\dimen159
) (/usr/share/texlive/texmf-dist/tex/latex/graphics/rotating.sty
Package: rotating 2016/08/11 v2.16d rotated objects in LaTeX
 (/usr/share/texlive/texmf-dist/tex/latex/base/ifthen.sty
Package: ifthen 2020/11/24 v1.1c Standard LaTeX ifthen package (DPC)
)
\c@r@tfl@t=\count273
\rotFPtop=\skip65
\rotFPbot=\skip66
\rot@float@box=\box54
\rot@mess@toks=\toks24
) (/usr/share/texlive/texmf-dist/tex/latex/url/url.sty
\Urlmuskip=\muskip17
Package: url 2013/09/16  ver 3.4  Verb mode for urls, etc.
) (/usr/share/texlive/texmf-dist/tex/latex/geometry/geometry.sty
Package: geometry 2020/01/02 v5.9 Page Geometry
 (/usr/share/texlive/texmf-dist/tex/generic/iftex/ifvtex.sty
Package: ifvtex 2019/10/25 v1.7 ifvtex legacy package. Use iftex instead.
 (/usr/share/texlive/texmf-dist/tex/generic/iftex/iftex.sty
Package: iftex 2020/03/06 v1.0d TeX engine tests
))
\Gm@cnth=\count274
\Gm@cntv=\count275
\c@Gm@tempcnt=\count276
\Gm@bindingoffset=\dimen160
\Gm@wd@mp=\dimen161
\Gm@odd@mp=\dimen162
\Gm@even@mp=\dimen163
\Gm@layoutwidth=\dimen164
\Gm@layoutheight=\dimen165
\Gm@layouthoffset=\dimen166
\Gm@layoutvoffset=\dimen167
\Gm@dimlist=\toks25
) (/usr/share/texlive/texmf-dist/tex/latex/l3backend/l3backend-pdftex.def
File: l3backend-pdftex.def 2022-01-12 L3 backend support: PDF output (pdfTeX)
\l__color_backend_stack_int=\count277
\l__pdf_internal_box=\box55
) (./report.aux)
\openout1 = `report.aux'.

LaTeX Font Info:    Checking defaults for OML/cmm/m/it on input line 28.
LaTeX Font Info:    ... okay on input line 28.
LaTeX Font Info:    Checking defaults for OMS/cmsy/m/n on input line 28.
LaTeX Font Info:    ... okay on input line 28.
LaTeX Font Info:    Checking defaults for OT1/cmr/m/n on input line 28.
LaTeX Font Info:    ... okay on input line 28.
LaTeX Font Info:    Checking defaults for T1/cmr/m/n on input line 28.
LaTeX Font Info:    ... okay on input line 28.
LaTeX Font Info:    Checking defaults for TS1/cmr/m/n on input line 28.
LaTeX Font Info:    ... okay on input line 28.
LaTeX Font Info:    Checking defaults for OMX/cmex/m/n on input line 28.
LaTeX Font Info:    ... okay on input line 28.
LaTeX Font Info:    Checking defaults for U/cmr/m/n on input line 28.
LaTeX Font Info:    ... okay on input line 28.
Package lastpage Info: Please have a look at the pageslts package at
(lastpage)             https://www.ctan.org/pkg/pageslts
(lastpage)             ! on input line 28.
 (/usr/share/texlive/texmf-dist/tex/context/base/mkii/supp-pdf.mkii
[Loading MPS to PDF converter (version 2006.09.02).]
\scratchcounter=\count278
\scratchdimen=\dimen168
\scratchbox=\box56
\nofMPsegments=\count279
\nofMParguments=\count280
\everyMPshowfont=\toks26
\MPscratchCnt=\count281
\MPscratchDim=\dimen169
\MPnumerator=\count282
\makeMPintoPDFobject=\count283
\everyMPtoPDFconversion=\toks27
) (/usr/share/texlive/texmf-dist/tex/latex/epstopdf-pkg/epstopdf-base.sty
Package: epstopdf-base 2020-01-24 v2.11 Base part for package epstopdf
Package epstopdf-base Info: Redefining graphics rule for `.eps' on input line 485.
 (/usr/share/texlive/texmf-dist/tex/latex/latexconfig/epstopdf-sys.cfg
File: epstopdf-sys.cfg 2010/07/13 v1.3 Configuration of (r)epstopdf for TeX Live
))
*geometry* driver: auto-detecting
*geometry* detected driver: pdftex
*geometry* verbose mode - [ preamble ] result:
* driver: pdftex
* paper: a4paper
* layout: <same size as paper>
* layoutoffset:(h,v)=(0.0pt,0.0pt)
* modes: 
* h-part:(L,W,R)=(72.26999pt, 452.9679pt, 72.26999pt)
* v-part:(T,H,B)=(72.26999pt, 700.50687pt, 72.26999pt)
* \paperwidth=597.50787pt
* \paperheight=845.04684pt
* \textwidth=452.9679pt
* \textheight=700.50687pt
* \oddsidemargin=0.0pt
* \evensidemargin=0.0pt
* \topmargin=-37.0pt
* \headheight=12.0pt
* \headsep=25.0pt
* \topskip=10.0pt
* \footskip=36.135pt
* \marginparwidth=57.0pt
* \marginparsep=11.0pt
* \columnsep=18.06749pt
* \skip\footins=9.0pt plus 4.0pt minus 2.0pt
* \hoffset=0.0pt
* \voffset=0.0pt
* \mag=1000
* \@twocolumntrue
* \@twosidefalse
* \@mparswitchfalse
* \@reversemarginfalse
* (1in=72.27pt=25.4mm, 1cm=28.453pt)


Underfull \hbox (badness 10000) in paragraph at lines 32--33
[]\OT1/cmr/m/n/10 This pa-per presents a com-par-a-tive
 []


Underfull \hbox (badness 2181) in paragraph at lines 32--33
\OT1/cmr/m/n/10 study of se-man-tic seg-men-ta-tion tech-
 []


Underfull \hbox (badness 10000) in paragraph at lines 32--33
\OT1/cmr/m/n/10 us-ing the \OT1/cmr/m/it/10 Se-man-tic Drone Dataset\OT1/cmr/m/n/10 .
 []


Underfull \hbox (badness 2197) in paragraph at lines 32--33
\OT1/cmr/m/n/10 The study fo-cuses on eval-u-at-ing the
 []


Underfull \hbox (badness 5504) in paragraph at lines 32--33
\OT1/cmr/m/n/10 tures|\OT1/cmr/m/it/10 EfficientNetB5\OT1/cmr/m/n/10 , \OT1/cmr/m/it/10 ResNet34\OT1/cmr/m/n/10 , and
 []


Underfull \hbox (badness 10000) in paragraph at lines 32--33
\OT1/cmr/m/it/10 Mo-bileNetV2\OT1/cmr/m/n/10 |integrated within the
 []


Underfull \hbox (badness 1132) in paragraph at lines 37--38
\OT1/cmr/m/n/10 field of com-puter vi-sion, es-pe-cially when ap-
 []


Underfull \hbox (badness 3503) in paragraph at lines 39--40
\OT1/cmr/m/n/10 age seg-men-ta-tion tasks. Ar-chi-tec-tures like
 []


LaTeX Warning: Reference `fig:collection_1' on page 1 undefined on input line 46.


Underfull \hbox (badness 1454) in paragraph at lines 46--47
\OT1/cmr/m/n/10 tured from a bird's-eye per-spec-tive of ur-ban
 []


Underfull \hbox (badness 1048) in paragraph at lines 46--47
\OT1/cmr/m/n/10 o-lu-tion of 24 megapix-els, re-sult-ing in im-ages
 []


LaTeX Warning: Reference `LastPage' on page 1 undefined on input line 47.

[1{/var/lib/texmf/fonts/map/pdftex/updmap/pdftex.map}



]
<images/collection_1.png, id=13, 1084.05pt x 722.7pt>
File: images/collection_1.png Graphic file (type png)
<use images/collection_1.png>
Package pdftex.def Info: images/collection_1.png  used on input line 50.
(pdftex.def)             Requested size: 317.07614pt x 211.38614pt.


LaTeX Warning: Reference `table:class_frequencies' on page 2 undefined on input line 59.


LaTeX Warning: Reference `table:number_of_tiles_and_total_tiles' on page 2 undefined on input line 98.


LaTeX Warning: Citation `deeplabv3plus2018' on page 2 undefined on input line 123.


LaTeX Warning: Citation `deeplab2016' on page 2 undefined on input line 123.


LaTeX Warning: Reference `LastPage' on page 2 undefined on input line 126.

[2]

LaTeX Warning: Reference `table:encoders' on page 3 undefined on input line 130.


Underfull \hbox (badness 3179) in paragraph at lines 130--131
\OT1/cmr/m/n/10 For the DeepLabv3+ back-bone of our net-
 []


Underfull \hbox (badness 1314) in paragraph at lines 130--131
\OT1/cmr/m/n/10 se-lected: Ef-fi-cient-NetB5, ResNet34, and Mo-
 []


LaTeX Warning: Citation `efficientnet2019' on page 3 undefined on input line 146.


Underfull \vbox (badness 1158) has occurred while \output is active []



LaTeX Warning: Citation `resnet2016' on page 3 undefined on input line 149.


LaTeX Warning: Citation `mobilenetv22018' on page 3 undefined on input line 152.


Underfull \hbox (badness 3000) in paragraph at lines 155--156
\OT1/cmr/m/n/10 During the train-ing pro-cess, we uti-lize the
 []


Underfull \hbox (badness 1168) in paragraph at lines 155--156
\OT1/cmr/m/it/10 CrossEn-tropy-Loss \OT1/cmr/m/n/10 as the loss func-tion, which
 []


LaTeX Warning: Reference `LastPage' on page 3 undefined on input line 156.

[3 <./images/collection_1.png>]

LaTeX Warning: Reference `table:performance_metrics' on page 4 undefined on input line 171.


LaTeX Warning: Reference `table:per_class_iou' on page 4 undefined on input line 204.


Underfull \hbox (badness 3158) in paragraph at lines 204--205
\OT1/cmr/m/n/10 The per-class In-ter-sec-tion over Union (IoU)
 []


Underfull \hbox (badness 1484) in paragraph at lines 208--209
\OT1/cmr/m/n/10 model size and per-for-mance un-der-scores Mo-
 []


LaTeX Warning: Reference `LastPage' on page 4 undefined on input line 209.

[4]
Overfull \hbox (12.1028pt too wide) in paragraph at lines 214--241
 [][] 
 []


LaTeX Warning: Reference `fig:grids_544_combined' on page 5 undefined on input line 247.


LaTeX Warning: Reference `fig:different_sizes_combined' on page 5 undefined on input line 249.


LaTeX Warning: File `images/grid_544_512px_efficientnet-b5_with_legend.png' not found on input line 255.


/home/andrea/Documents/unimib/Environment/exam/final/report.tex:255: Package pdftex.def Error: File `images/grid_544_512px_efficientnet-b5_with_legend.png' not found: using draft setting.

See the pdftex.def package documentation for explanation.
Type  H <return>  for immediate help.
 ...                                              
                                                  
l.255 ...44_512px_efficientnet-b5_with_legend.png}
                                                  
Try typing  <return>  to proceed.
If that doesn't work, type  X <return>  to quit.


LaTeX Warning: File `images/grid_544_512px_resnet34_with_legend.png' not found on input line 256.


/home/andrea/Documents/unimib/Environment/exam/final/report.tex:256: Package pdftex.def Error: File `images/grid_544_512px_resnet34_with_legend.png' not found: using draft setting.

See the pdftex.def package documentation for explanation.
Type  H <return>  for immediate help.
 ...                                              
                                                  
l.256 .../grid_544_512px_resnet34_with_legend.png}
                                                  
Try typing  <return>  to proceed.
If that doesn't work, type  X <return>  to quit.


LaTeX Warning: File `images/grid_544_512px_mobilenet_v2_with_legend.png' not found on input line 257.


/home/andrea/Documents/unimib/Environment/exam/final/report.tex:257: Package pdftex.def Error: File `images/grid_544_512px_mobilenet_v2_with_legend.png' not found: using draft setting.

See the pdftex.def package documentation for explanation.
Type  H <return>  for immediate help.
 ...                                              
                                                  
l.257 ...d_544_512px_mobilenet_v2_with_legend.png}
                                                  
Try typing  <return>  to proceed.
If that doesn't work, type  X <return>  to quit.


LaTeX Warning: Float too large for page by 447.42067pt on input line 261.

<images/different_sizes_544_EfficientNet-B5.png, id=32, 1149.093pt x 263.3037pt>
File: images/different_sizes_544_EfficientNet-B5.png Graphic file (type png)
<use images/different_sizes_544_EfficientNet-B5.png>
Package pdftex.def Info: images/different_sizes_544_EfficientNet-B5.png  used on input line 265.
(pdftex.def)             Requested size: 452.9679pt x 103.79288pt.
<images/different_sizes_544_ResNet34.png, id=33, 1149.093pt x 263.3037pt>
File: images/different_sizes_544_ResNet34.png Graphic file (type png)
<use images/different_sizes_544_ResNet34.png>
Package pdftex.def Info: images/different_sizes_544_ResNet34.png  used on input line 266.
(pdftex.def)             Requested size: 452.9679pt x 103.79288pt.
<images/different_sizes_544_MobileNetV2.png, id=34, 1149.093pt x 263.3037pt>
File: images/different_sizes_544_MobileNetV2.png Graphic file (type png)
<use images/different_sizes_544_MobileNetV2.png>
Package pdftex.def Info: images/different_sizes_544_MobileNetV2.png  used on input line 267.
(pdftex.def)             Requested size: 452.9679pt x 103.79288pt.

LaTeX Warning: `h' float specifier changed to `ht'.


LaTeX Warning: Citation `han2016' on page 5 undefined on input line 289.


LaTeX Warning: Reference `LastPage' on page 5 undefined on input line 290.

[5]

LaTeX Warning: Reference `LastPage' on page 6 undefined on input line 290.

[6]

LaTeX Warning: Citation `han2016' on page 7 undefined on input line 291.


Underfull \hbox (badness 2573) in paragraph at lines 291--292
[]\OT1/cmr/bx/n/10 The deep com-pres-sion tech-nique [[]],
 []


LaTeX Warning: Citation `han2016' on page 7 undefined on input line 293.


Underfull \vbox (badness 1077) has occurred while \output is active []



LaTeX Warning: Citation `tran2022' on page 7 undefined on input line 299.


LaTeX Warning: Citation `safavi2023efficientsemanticsegmentationedge' on page 7 undefined on input line 301.


LaTeX Warning: Reference `LastPage' on page 7 undefined on input line 302.

[7 <./images/different_sizes_544_EfficientNet-B5.png> <./images/different_sizes_544_ResNet34.png> <./images/different_sizes_544_MobileNetV2.png>]
Underfull \hbox (badness 2359) in paragraph at lines 309--310
\OT1/cmr/m/n/10 This study con-ducted a com-pre-hen-sive eval-
 []


Underfull \hbox (badness 1292) in paragraph at lines 309--310
\OT1/cmr/m/n/10 u-a-tion of the DeepLabv3+ ar-chi-tec-ture us-ing
 []


Underfull \hbox (badness 1024) in paragraph at lines 312--313
\OT1/cmr/m/n/10 1,000x1,000 pix-els, of-fer nearly equiv-a-lent
 []


LaTeX Warning: Reference `tab:delta_table' on page 8 undefined on input line 314.


Underfull \hbox (badness 1147) in paragraph at lines 328--328
[]\OT1/cmr/m/n/10 Table 6: Per-for-mance com-par-i-son across dif-
 []


LaTeX Warning: Citation `safavi2023efficientsemanticsegmentationedge' on page 8 undefined on input line 332.


LaTeX Warning: Reference `LastPage' on page 8 undefined on input line 340.

[8]
Underfull \hbox (badness 2980) in paragraph at lines 344--345
[]\OT1/cmr/m/n/10 In con-clu-sion, while EfficientNet-B5 of-fers
 []

(./report.bbl
Underfull \hbox (badness 2418) in paragraph at lines 4--8
\OT1/cmr/m/it/10 Con-fer-ence on Com-puter Vi-sion (ECCV)\OT1/cmr/m/n/10 ,
 []


Underfull \hbox (badness 1383) in paragraph at lines 10--14
[]\OT1/cmr/m/n/10 L.-C. Chen, G. Pa-pan-dreou, I. Kokki-nos,
 []


Underfull \hbox (badness 1728) in paragraph at lines 21--24
[]\OT1/cmr/m/n/10 K. He, X. Zhang, S. Ren, and J. Sun,
 []


Underfull \hbox (badness 3884) in paragraph at lines 26--30
\OT1/cmr/m/it/10 Vi-sion and Pat-tern Recog-ni-tion (CVPR)\OT1/cmr/m/n/10 ,
 []

) 
AED: lastpage setting LastPage

LaTeX Warning: Reference `LastPage' on page 9 undefined on input line 349.

[9] (./report.aux)

LaTeX Warning: There were undefined references.


LaTeX Warning: Label(s) may have changed. Rerun to get cross-references right.

 ) 
Here is how much of TeX's memory you used:
 3399 strings out of 480171
 57891 string characters out of 5894490
 369438 words of memory out of 5000000
 21292 multiletter control sequences out of 15000+600000
 476990 words of font info for 55 fonts, out of 8000000 for 9000
 59 hyphenation exceptions out of 8191
 55i,11n,62p,1305b,298s stack positions out of 5000i,500n,10000p,200000b,80000s
 </home/andrea/.texlive2021/texmf-var/fonts/pk/ljfour/jknappen/ec/tcrm1000.600pk></usr/share/texlive/texmf-dist/fonts/type1/public/amsfonts/cm/cmbx10.pfb></usr/share/texlive/texmf-dist/fonts/type1/public/amsfonts/cm/cmbx12.pfb></usr/share/texlive/texmf-dist/fonts/type1/public/amsfonts/cm/cmbx9.pfb></usr/share/texlive/texmf-dist/fonts/type1/public/amsfonts/cm/cmmi9.pfb></usr/share/texlive/texmf-dist/fonts/type1/public/amsfonts/cm/cmr10.pfb></usr/share/texlive/texmf-dist/fonts/type1/public/amsfonts/cm/cmr12.pfb></usr/share/texlive/texmf-dist/fonts/type1/public/amsfonts/cm/cmr6.pfb></usr/share/texlive/texmf-dist/fonts/type1/public/amsfonts/cm/cmr8.pfb></usr/share/texlive/texmf-dist/fonts/type1/public/amsfonts/cm/cmr9.pfb></usr/share/texlive/texmf-dist/fonts/type1/public/amsfonts/cm/cmsy9.pfb></usr/share/texlive/texmf-dist/fonts/type1/public/amsfonts/cm/cmti10.pfb></usr/share/texlive/texmf-dist/fonts/type1/public/amsfonts/cm/cmti8.pfb></usr/share/texlive/texmf-dist/fonts/type1/public/amsfonts/cm/cmtt10.pfb>
Output written on report.pdf (9 pages, 5781946 bytes).
PDF statistics:
 114 PDF objects out of 1000 (max. 8388607)
 66 compressed objects within 1 object stream
 0 named destinations out of 1000 (max. 500000)
 21 words of extra memory for PDF output out of 10000 (max. 10000000)

